<?xml version="1.0" encoding="UTF-8"?>
<testng-results ignored="0" total="1" passed="1" failed="0" skipped="0">
  <reporter-output>
  </reporter-output>
  <suite started-at="2022-03-04T17:01:31 IST" name="Default suite" finished-at="2022-03-04T17:01:48 IST" duration-ms="17273">
    <groups>
    </groups>
    <test started-at="2022-03-04T17:01:31 IST" name="Default test" finished-at="2022-03-04T17:01:48 IST" duration-ms="17273">
      <class name="Action_Class.Red_bus_calnder">
        <test-method signature="TC1()[pri:0, instance:Action_Class.Red_bus_calnder@659a969b]" started-at="2022-03-04T17:01:31 IST" name="TC1" finished-at="2022-03-04T17:01:48 IST" duration-ms="17220" status="PASS">
          <reporter-output>
          </reporter-output>
        </test-method> <!-- TC1 -->
      </class> <!-- Action_Class.Red_bus_calnder -->
    </test> <!-- Default test -->
  </suite> <!-- Default suite -->
</testng-results>
