<?xml version="1.0" encoding="UTF-8"?>
<testng-results ignored="0" total="1" passed="1" failed="0" skipped="0">
  <reporter-output>
    <line>
      <![CDATA[--open browser--]]>
    </line>
  </reporter-output>
  <suite started-at="2022-03-12T08:26:08 IST" name="Default suite" finished-at="2022-03-12T08:26:11 IST" duration-ms="2671">
    <groups>
    </groups>
    <test started-at="2022-03-12T08:26:08 IST" name="Default test" finished-at="2022-03-12T08:26:11 IST" duration-ms="2671">
      <class name="Model1_Test.kiteLoginTest">
        <test-method is-config="true" signature="openBrowser()[pri:0, instance:Model1_Test.kiteLoginTest@50b472aa]" started-at="2022-03-12T08:26:08 IST" name="openBrowser" finished-at="2022-03-12T08:26:11 IST" duration-ms="2636" status="PASS">
          <reporter-output>
            <line>
              <![CDATA[--open browser--]]>
            </line>
          </reporter-output>
        </test-method> <!-- openBrowser -->
        <test-method is-config="true" signature="logintoApp()[pri:0, instance:Model1_Test.kiteLoginTest@50b472aa]" started-at="2022-03-12T08:26:11 IST" name="logintoApp" finished-at="2022-03-12T08:26:11 IST" duration-ms="1" status="PASS">
          <reporter-output>
          </reporter-output>
        </test-method> <!-- logintoApp -->
        <test-method signature="verifyID()[pri:0, instance:Model1_Test.kiteLoginTest@50b472aa]" started-at="2022-03-12T08:26:11 IST" name="verifyID" finished-at="2022-03-12T08:26:11 IST" duration-ms="3" status="PASS">
          <reporter-output>
          </reporter-output>
        </test-method> <!-- verifyID -->
      </class> <!-- Model1_Test.kiteLoginTest -->
    </test> <!-- Default test -->
  </suite> <!-- Default suite -->
</testng-results>
